<?xml version="1.0" encoding="UTF-8"?>
<!-- Generated by org.testng.reporters.JUnitXMLReporter -->
<testsuite ignored="0" hostname="SPC" failures="0" tests="4" name="Default test" time="38.15" errors="0" timestamp="2021-01-04T16:53:17 EST">
  <testcase classname="com.pandeys.seleasy.home.HomePagePopupImplTest" name="clickNoThanksTest" time="0.083"/>
  <testcase classname="com.pandeys.seleasy.home.HomePagePopupImplTest" name="clickYesPleaseTest" time="2.396"/>
  <testcase classname="com.pandeys.seleasy.home.HomePagePopupImplTest" name="closePopupTest" time="0.053"/>
  <testcase classname="com.pandeys.seleasy.home.HomePagePopupImplTest" name="getTextTest" time="0.029"/>
</testsuite> <!-- Default test -->
