<?xml version="1.0" encoding="UTF-8"?>
<!-- Generated by org.testng.reporters.JUnitXMLReporter -->
<testsuite ignored="1" hostname="SPC" failures="0" tests="1" name="Default test" time="23.224" errors="0" timestamp="2021-01-11T21:06:44 EST">
  <testcase classname="com.pandeys.seleasy.datapickers.DatePickerTest" name="selectDateRange" time="2.995"/>
  <testcase classname="com.pandeys.seleasy.datapickers.DatePickerTest" name="selectDate" time="0.0">
    <ignored/>
  </testcase> <!-- selectDate -->
</testsuite> <!-- Default test -->
