<?xml version="1.0" encoding="UTF-8"?>
<testng-results ignored="0" total="4" passed="4" failed="0" skipped="0">
  <reporter-output>
  </reporter-output>
  <suite started-at="2021-01-04T16:52:39 EST" name="Default suite" finished-at="2021-01-04T16:53:17 EST" duration-ms="38150">
    <groups>
    </groups>
    <test started-at="2021-01-04T16:52:39 EST" name="Default test" finished-at="2021-01-04T16:53:17 EST" duration-ms="38150">
      <class name="com.pandeys.seleasy.home.HomePagePopupImplTest">
        <test-method is-config="true" signature="getWebDriverInstance()[pri:0, instance:com.pandeys.seleasy.home.HomePagePopupImplTest@484970b0]" started-at="2021-01-04T16:52:39 EST" name="getWebDriverInstance" finished-at="2021-01-04T16:52:50 EST" duration-ms="11189" status="PASS">
          <reporter-output>
          </reporter-output>
        </test-method> <!-- getWebDriverInstance -->
        <test-method signature="clickNoThanksTest()[pri:0, instance:com.pandeys.seleasy.home.HomePagePopupImplTest@484970b0]" started-at="2021-01-04T16:52:50 EST" name="clickNoThanksTest" finished-at="2021-01-04T16:52:50 EST" duration-ms="83" status="PASS">
          <reporter-output>
          </reporter-output>
        </test-method> <!-- clickNoThanksTest -->
        <test-method is-config="true" signature="closeWebDriver()[pri:0, instance:com.pandeys.seleasy.home.HomePagePopupImplTest@484970b0]" started-at="2021-01-04T16:52:50 EST" name="closeWebDriver" finished-at="2021-01-04T16:52:51 EST" duration-ms="662" status="PASS">
          <reporter-output>
          </reporter-output>
        </test-method> <!-- closeWebDriver -->
        <test-method is-config="true" signature="getWebDriverInstance()[pri:0, instance:com.pandeys.seleasy.home.HomePagePopupImplTest@484970b0]" started-at="2021-01-04T16:52:51 EST" name="getWebDriverInstance" finished-at="2021-01-04T16:52:59 EST" duration-ms="8299" status="PASS">
          <reporter-output>
          </reporter-output>
        </test-method> <!-- getWebDriverInstance -->
        <test-method signature="clickYesPleaseTest()[pri:0, instance:com.pandeys.seleasy.home.HomePagePopupImplTest@484970b0]" started-at="2021-01-04T16:52:59 EST" name="clickYesPleaseTest" finished-at="2021-01-04T16:53:01 EST" duration-ms="2396" status="PASS">
          <reporter-output>
          </reporter-output>
        </test-method> <!-- clickYesPleaseTest -->
        <test-method is-config="true" signature="closeWebDriver()[pri:0, instance:com.pandeys.seleasy.home.HomePagePopupImplTest@484970b0]" started-at="2021-01-04T16:53:01 EST" name="closeWebDriver" finished-at="2021-01-04T16:53:02 EST" duration-ms="753" status="PASS">
          <reporter-output>
          </reporter-output>
        </test-method> <!-- closeWebDriver -->
        <test-method is-config="true" signature="getWebDriverInstance()[pri:0, instance:com.pandeys.seleasy.home.HomePagePopupImplTest@484970b0]" started-at="2021-01-04T16:53:02 EST" name="getWebDriverInstance" finished-at="2021-01-04T16:53:09 EST" duration-ms="7157" status="PASS">
          <reporter-output>
          </reporter-output>
        </test-method> <!-- getWebDriverInstance -->
        <test-method signature="closePopupTest()[pri:0, instance:com.pandeys.seleasy.home.HomePagePopupImplTest@484970b0]" started-at="2021-01-04T16:53:09 EST" name="closePopupTest" finished-at="2021-01-04T16:53:09 EST" duration-ms="53" status="PASS">
          <reporter-output>
          </reporter-output>
        </test-method> <!-- closePopupTest -->
        <test-method is-config="true" signature="closeWebDriver()[pri:0, instance:com.pandeys.seleasy.home.HomePagePopupImplTest@484970b0]" started-at="2021-01-04T16:53:09 EST" name="closeWebDriver" finished-at="2021-01-04T16:53:10 EST" duration-ms="654" status="PASS">
          <reporter-output>
          </reporter-output>
        </test-method> <!-- closeWebDriver -->
        <test-method is-config="true" signature="getWebDriverInstance()[pri:0, instance:com.pandeys.seleasy.home.HomePagePopupImplTest@484970b0]" started-at="2021-01-04T16:53:10 EST" name="getWebDriverInstance" finished-at="2021-01-04T16:53:16 EST" duration-ms="6167" status="PASS">
          <reporter-output>
          </reporter-output>
        </test-method> <!-- getWebDriverInstance -->
        <test-method signature="getTextTest()[pri:0, instance:com.pandeys.seleasy.home.HomePagePopupImplTest@484970b0]" started-at="2021-01-04T16:53:16 EST" name="getTextTest" finished-at="2021-01-04T16:53:16 EST" duration-ms="29" status="PASS">
          <reporter-output>
          </reporter-output>
        </test-method> <!-- getTextTest -->
        <test-method is-config="true" signature="closeWebDriver()[pri:0, instance:com.pandeys.seleasy.home.HomePagePopupImplTest@484970b0]" started-at="2021-01-04T16:53:16 EST" name="closeWebDriver" finished-at="2021-01-04T16:53:17 EST" duration-ms="663" status="PASS">
          <reporter-output>
          </reporter-output>
        </test-method> <!-- closeWebDriver -->
      </class> <!-- com.pandeys.seleasy.home.HomePagePopupImplTest -->
    </test> <!-- Default test -->
  </suite> <!-- Default suite -->
</testng-results>
