<?xml version="1.0" encoding="UTF-8"?>
<testng-results ignored="3" total="4" passed="1" failed="0" skipped="0">
  <reporter-output>
  </reporter-output>
  <suite started-at="2021-01-11T12:43:42 EST" name="Default suite" finished-at="2021-01-11T12:44:04 EST" duration-ms="22061">
    <groups>
    </groups>
    <test started-at="2021-01-11T12:43:42 EST" name="Default test" finished-at="2021-01-11T12:44:04 EST" duration-ms="22061">
      <class name="com.pandeys.seleasy.inputforms.JQuerySelectDropdownTest">
        <test-method is-config="true" signature="getWebDriverInstance()[pri:0, instance:com.pandeys.seleasy.inputforms.JQuerySelectDropdownTest@37f1104d]" started-at="2021-01-11T12:43:42 EST" name="getWebDriverInstance" finished-at="2021-01-11T12:43:56 EST" duration-ms="14101" status="PASS">
          <reporter-output>
          </reporter-output>
        </test-method> <!-- getWebDriverInstance -->
        <test-method signature="filesDropdownSelection()[pri:0, instance:com.pandeys.seleasy.inputforms.JQuerySelectDropdownTest@37f1104d]" started-at="2021-01-11T12:43:56 EST" name="filesDropdownSelection" finished-at="2021-01-11T12:44:04 EST" duration-ms="7260" status="PASS">
          <reporter-output>
          </reporter-output>
        </test-method> <!-- filesDropdownSelection -->
        <test-method is-config="true" signature="closeWebDriver()[pri:0, instance:com.pandeys.seleasy.inputforms.JQuerySelectDropdownTest@37f1104d]" started-at="2021-01-11T12:44:04 EST" name="closeWebDriver" finished-at="2021-01-11T12:44:04 EST" duration-ms="658" status="PASS">
          <reporter-output>
          </reporter-output>
        </test-method> <!-- closeWebDriver -->
      </class> <!-- com.pandeys.seleasy.inputforms.JQuerySelectDropdownTest -->
    </test> <!-- Default test -->
  </suite> <!-- Default suite -->
</testng-results>
